<?xml version="1.0" encoding="UTF-8"?>
<!-- Generated by org.testng.reporters.JUnitReportReporter -->
<testsuite hostname="Rakshit" failures="0" tests="1" name="testscript.Login_script" time="8.351" errors="0" timestamp="2023-04-28T11:53:12 IST" skipped="0">
  <testcase classname="testscript.Login_script" name="test1" time="8.351"/>
  <system-out/>
</testsuite> <!-- testscript.Login_script -->
